# LeakReport
# from new @ |      size  # Pointer Addr
L   0x4058f1          16  # 0x1c6e550
L   0x40590b          16  # 0x1c6e590
L   0x4058f1          16  # 0x1c6e5d0
L   0x40590b          16  # 0x1c6e5b0
L   0x4058fe          16  # 0x1c6e570
L   0x404a39          32  # 0x1c6e620
L   0x40469f          32  # 0x1c6e680
L   0x404a46          32  # 0x1c6e650
L   0x4046b9          32  # 0x1c6e6e0
L   0x40469f          32  # 0x1c6e740
L   0x4046c6          32  # 0x1c6e710
L   0x4046ac          32  # 0x1c6e6b0
L   0x404d01          32  # 0x1c6e5f0
L   0x4046b9          32  # 0x1c6e7a0
L   0x40469f          32  # 0x1c6e800
L   0x4046c6          32  # 0x1c6e7d0
L   0x4046b9          32  # 0x1c6e860
L   0x40469f          32  # 0x1c6e8c0
L   0x4046c6          32  # 0x1c6e890
L   0x4046ac          32  # 0x1c6e830
L   0x4046b9          32  # 0x1c6e920
L   0x40469f          32  # 0x1c6e980
L   0x4046c6          32  # 0x1c6e950
L   0x4046b9          32  # 0x1c6e9e0
L   0x40469f          32  # 0x1c6ea40
L   0x4046c6          32  # 0x1c6ea10
L   0x4046ac          32  # 0x1c6e9b0
L   0x4046ac          32  # 0x1c6e8f0
L   0x4046ac          32  # 0x1c6e770
L   0x4046b9          32  # 0x1c6eaa0
L   0x40469f          32  # 0x1c6eb00
L   0x4046c6          32  # 0x1c6ead0
L   0x4046b9          32  # 0x1c6eb60
L   0x40469f          32  # 0x1c6ebc0
L   0x4046c6          32  # 0x1c6eb90
L   0x4046ac          32  # 0x1c6eb30
L   0x4046b9          32  # 0x1c6ec20
L   0x40469f          32  # 0x1c6ec80
L   0x4046c6          32  # 0x1c6ec50
L   0x4046b9          32  # 0x1c6ece0
L   0x404a39          32  # 0x1c6ed40
L   0x4046c6          32  # 0x1c6ed10
L   0x4046ac          32  # 0x1c6ecb0
L   0x4046ac          32  # 0x1c6ebf0
L   0x40469f          32  # 0x1c6eda0
L   0x4046b9          32  # 0x1c6ee00
L   0x4046ac          32  # 0x1c6edd0
L   0x40469f          32  # 0x1c6ee60
L   0x4046b9          32  # 0x1c6eec0
L   0x4046ac          32  # 0x1c6ee90
L   0x4046c6          32  # 0x1c6ee30
L   0x40469f          32  # 0x1c6ef20
L   0x4046b9          32  # 0x1c6ef80
L   0x4046ac          32  # 0x1c6ef50
L   0x404a39          32  # 0x1c6efe0
L   0x40469f          32  # 0x1c6f040
L   0x404a46          32  # 0x1c6f010
L   0x4046c6          32  # 0x1c6efb0
L   0x4046c6          32  # 0x1c6eef0
L   0x404a46          32  # 0x1c6ed70
L   0x4046ac          32  # 0x1c6ea70
L   0x4046b9          32  # 0x1c6f0a0
L   0x40469f          32  # 0x1c6f100
L   0x4046c6          32  # 0x1c6f0d0
L   0x4046b9          32  # 0x1c6f160
L   0x40469f          32  # 0x1c6f1c0
L   0x4046c6          32  # 0x1c6f190
L   0x4046ac          32  # 0x1c6f130
L   0x4046b9          32  # 0x1c6f220
L   0x404a39          32  # 0x1c6f280
L   0x4046c6          32  # 0x1c6f250
L   0x40469f          32  # 0x1c6f2e0
L   0x4046b9          32  # 0x1c6f340
L   0x4046ac          32  # 0x1c6f310
L   0x404a46          32  # 0x1c6f2b0
L   0x4046ac          32  # 0x1c6f1f0
L   0x40469f          32  # 0x1c6f3a0
L   0x4046b9          32  # 0x1c6f400
L   0x4046ac          32  # 0x1c6f3d0
L   0x40469f          32  # 0x1c6f460
L   0x4046b9          32  # 0x1c6f4c0
L   0x4046ac          32  # 0x1c6f490
L   0x4046c6          32  # 0x1c6f430
L   0x404a39          32  # 0x1c6f520
L   0x40469f          32  # 0x1c6f580
L   0x404a46          32  # 0x1c6f550
L   0x4046b9          32  # 0x1c6f5e0
L   0x40469f          32  # 0x1c6f640
L   0x4046c6          32  # 0x1c6f610
L   0x4046ac          32  # 0x1c6f5b0
L   0x4046c6          32  # 0x1c6f4f0
L   0x4046c6          32  # 0x1c6f370
L   0x4046b9          32  # 0x1c6f6a0
L   0x40469f          32  # 0x1c6f700
L   0x4046c6          32  # 0x1c6f6d0
L   0x4046b9          32  # 0x1c6f760
L   0x404a39          32  # 0x1c6f7c0
L   0x4046c6          32  # 0x1c6f790
L   0x4046ac          32  # 0x1c6f730
L   0x40469f          32  # 0x1c6f820
L   0x4046b9          32  # 0x1c6f880
L   0x4046ac          32  # 0x1c6f850
L   0x40469f          32  # 0x1c6f8e0
L   0x4046b9          32  # 0x1c6f940
L   0x4046ac          32  # 0x1c6f910
L   0x4046c6          32  # 0x1c6f8b0
L   0x404a46          32  # 0x1c6f7f0
L   0x40469f          32  # 0x1c6f9a0
L   0x4046b9          32  # 0x1c6fa00
L   0x4046ac          32  # 0x1c6f9d0
L   0x404a39          32  # 0x1c6fa60
L   0x40469f          32  # 0x1c6fac0
L   0x404a46          32  # 0x1c6fa90
L   0x4046c6          32  # 0x1c6fa30
L   0x4046b9          32  # 0x1c6fb20
L   0x40469f          32  # 0x1c6fb80
L   0x4046c6          32  # 0x1c6fb50
L   0x4046b9          32  # 0x1c6fbe0
L   0x40469f          32  # 0x1c6fc40
L   0x4046c6          32  # 0x1c6fc10
L   0x4046ac          32  # 0x1c6fbb0
L   0x4046ac          32  # 0x1c6faf0
L   0x4046c6          32  # 0x1c6f970
L   0x4046ac          32  # 0x1c6f670
L   0x4046ac          32  # 0x1c6f070
L   0x4046b9          32  # 0x1c6fca0
L   0x404a39          32  # 0x1c6fd00
L   0x4046c6          32  # 0x1c6fcd0
L   0x40469f          32  # 0x1c6fd60
L   0x4046b9          32  # 0x1c6fdc0
L   0x4046ac          32  # 0x1c6fd90
L   0x404a46          32  # 0x1c6fd30
L   0x40469f          32  # 0x1c6fe20
L   0x4046b9          32  # 0x1c6fe80
L   0x4046ac          32  # 0x1c6fe50
L   0x40469f          32  # 0x1c6fee0
L   0x4046b9          32  # 0x1c6ff40
L   0x4046ac          32  # 0x1c6ff10
L   0x4046c6          32  # 0x1c6feb0
L   0x4046c6          32  # 0x1c6fdf0
L   0x404a39          32  # 0x1c6ffa0
L   0x40469f          32  # 0x1c70000
L   0x404a46          32  # 0x1c6ffd0
L   0x4046b9          32  # 0x1c70060
L   0x40469f          32  # 0x1c700c0
L   0x4046c6          32  # 0x1c70090
L   0x4046ac          32  # 0x1c70030
L   0x4046b9          32  # 0x1c70120
L   0x40469f          32  # 0x1c70180
L   0x4046c6          32  # 0x1c70150
L   0x4046b9          32  # 0x1c701e0
L   0x404a39          32  # 0x1c70240
L   0x4046c6          32  # 0x1c70210
L   0x4046ac          32  # 0x1c701b0
L   0x4046ac          32  # 0x1c700f0
L   0x40469f          32  # 0x1c702a0
L   0x4046b9          32  # 0x1c70300
L   0x4046ac          32  # 0x1c702d0
L   0x40469f          32  # 0x1c70360
L   0x4046b9          32  # 0x1c703c0
L   0x4046ac          32  # 0x1c70390
L   0x40469f          32  # 0x1c70420
L   0x4046b9          32  # 0x1c70480
L   0x4046ac          32  # 0x1c70450
L   0x404a39          32  # 0x1c704f0
L   0x404d01          32  # 0x1c704c0
L   0x4046c6          32  # 0x1c703f0
L   0x4046c6          32  # 0x1c70330
L   0x40469f          32  # 0x1c70550
L   0x4046b9          32  # 0x1c705b0
L   0x4046ac          32  # 0x1c70580
L   0x404a46          32  # 0x1c70520
L   0x40469f          32  # 0x1c70610
L   0x4046b9          32  # 0x1c70670
L   0x4046ac          32  # 0x1c70640
L   0x40469f          32  # 0x1c706d0
L   0x4046b9          32  # 0x1c70730
L   0x4046ac          32  # 0x1c70700
L   0x4046c6          32  # 0x1c706a0
L   0x4046c6          32  # 0x1c705e0
L   0x404a46          32  # 0x1c70270
L   0x4046c6          32  # 0x1c6ff70
L   0x40469f          32  # 0x1c70790
L   0x4046b9          32  # 0x1c707f0
L   0x4046ac          32  # 0x1c707c0
L   0x40469f          32  # 0x1c70850
L   0x4046b9          32  # 0x1c708b0
L   0x4046ac          32  # 0x1c70880
L   0x4046c6          32  # 0x1c70820
L   0x40469f          32  # 0x1c70910
L   0x4046b9          32  # 0x1c70970
L   0x4046ac          32  # 0x1c70940
L   0x40469f          32  # 0x1c709d0
L   0x4046b9          32  # 0x1c70a30
L   0x4046ac          32  # 0x1c70a00
L   0x4046c6          32  # 0x1c709a0
L   0x4046c6          32  # 0x1c708e0
L   0x4046c6          32  # 0x1c70760
L   0x40469f          32  # 0x1c70a90
L   0x4046b9          32  # 0x1c70af0
L   0x4046ac          32  # 0x1c70ac0
L   0x40469f          32  # 0x1c70b50
L   0x4046b9          32  # 0x1c70bb0
L   0x4046ac          32  # 0x1c70b80
L   0x4046c6          32  # 0x1c70b20
L   0x404a39          32  # 0x1c70c10
L   0x40469f          32  # 0x1c70c70
L   0x404a46          32  # 0x1c70c40
L   0x4046b9          32  # 0x1c70cd0
L   0x40469f          32  # 0x1c70d30
L   0x4046c6          32  # 0x1c70d00
L   0x4046ac          32  # 0x1c70ca0
L   0x4046c6          32  # 0x1c70be0
L   0x4046b9          32  # 0x1c70d90
L   0x40469f          32  # 0x1c70df0
L   0x4046c6          32  # 0x1c70dc0
L   0x4046b9          32  # 0x1c70e50
L   0x404a39          32  # 0x1c70eb0
L   0x4046c6          32  # 0x1c70e80
L   0x4046ac          32  # 0x1c70e20
L   0x40469f          32  # 0x1c70f10
L   0x4046b9          32  # 0x1c70f70
L   0x4046ac          32  # 0x1c70f40
L   0x40469f          32  # 0x1c70fd0
L   0x4046b9          32  # 0x1c71030
L   0x4046ac          32  # 0x1c71000
L   0x4046c6          32  # 0x1c70fa0
L   0x404a46          32  # 0x1c70ee0
L   0x4046ac          32  # 0x1c70d60
L   0x4046c6          32  # 0x1c70a60
L   0x4046ac          32  # 0x1c6fc70
L   0x40469f          32  # 0x1c71090
L   0x4046b9          32  # 0x1c710f0
L   0x4046ac          32  # 0x1c710c0
L   0x404a39          32  # 0x1c71150
L   0x40469f          32  # 0x1c711b0
L   0x404a46          32  # 0x1c71180
L   0x4046c6          32  # 0x1c71120
L   0x4046b9          32  # 0x1c71210
L   0x40469f          32  # 0x1c71270
L   0x4046c6          32  # 0x1c71240
L   0x4046b9          32  # 0x1c712d0
L   0x40469f          32  # 0x1c71330
L   0x4046c6          32  # 0x1c71300
L   0x4046ac          32  # 0x1c712a0
L   0x4046ac          32  # 0x1c711e0
L   0x4046b9          32  # 0x1c71390
L   0x404a39          32  # 0x1c713f0
L   0x4046c6          32  # 0x1c713c0
L   0x40469f          32  # 0x1c71450
L   0x4046b9          32  # 0x1c714b0
L   0x4046ac          32  # 0x1c71480
L   0x404a46          32  # 0x1c71420
L   0x40469f          32  # 0x1c71510
L   0x4046b9          32  # 0x1c71570
L   0x4046ac          32  # 0x1c71540
L   0x40469f          32  # 0x1c715d0
L   0x4046b9          32  # 0x1c71630
L   0x4046ac          32  # 0x1c71600
L   0x4046c6          32  # 0x1c715a0
L   0x4046c6          32  # 0x1c714e0
L   0x4046ac          32  # 0x1c71360
L   0x404a39          32  # 0x1c71690
L   0x40469f          32  # 0x1c716f0
L   0x404a46          32  # 0x1c716c0
L   0x4046b9          32  # 0x1c71750
L   0x40469f          32  # 0x1c717b0
L   0x4046c6          32  # 0x1c71780
L   0x4046ac          32  # 0x1c71720
L   0x4046b9          32  # 0x1c71810
L   0x40469f          32  # 0x1c71870
L   0x4046c6          32  # 0x1c71840
L   0x4046b9          32  # 0x1c718d0
L   0x404a39          32  # 0x1c71930
L   0x4046c6          32  # 0x1c71900
L   0x4046ac          32  # 0x1c718a0
L   0x4046ac          32  # 0x1c717e0
L   0x40469f          32  # 0x1c71990
L   0x4046b9          32  # 0x1c719f0
L   0x4046ac          32  # 0x1c719c0
L   0x40469f          32  # 0x1c71a50
L   0x4046b9          32  # 0x1c71ab0
L   0x4046ac          32  # 0x1c71a80
L   0x4046c6          32  # 0x1c71a20
L   0x40469f          32  # 0x1c71b10
L   0x4046b9          32  # 0x1c71b70
L   0x4046ac          32  # 0x1c71b40
L   0x404a39          32  # 0x1c71bd0
L   0x40469f          32  # 0x1c71c30
L   0x404a46          32  # 0x1c71c00
L   0x4046c6          32  # 0x1c71ba0
L   0x4046c6          32  # 0x1c71ae0
L   0x404a46          32  # 0x1c71960
L   0x4046c6          32  # 0x1c71660
L   0x4046c6          32  # 0x1c71060
L   0x4046b9          32  # 0x1c71c90
L   0x40469f          32  # 0x1c71cf0
L   0x4046c6          32  # 0x1c71cc0
L   0x4046b9          32  # 0x1c71d50
L   0x40469f          32  # 0x1c71db0
L   0x4046c6          32  # 0x1c71d80
L   0x4046ac          32  # 0x1c71d20
L   0x4046b9          32  # 0x1c71e10
L   0x404a39          32  # 0x1c71e70
L   0x4046c6          32  # 0x1c71e40
L   0x40469f          32  # 0x1c71ed0
L   0x4046b9          32  # 0x1c71f30
L   0x4046ac          32  # 0x1c71f00
L   0x404a46          32  # 0x1c71ea0
L   0x4046ac          32  # 0x1c71de0
L   0x40469f          32  # 0x1c71f90
L   0x4046b9          32  # 0x1c71ff0
L   0x4046ac          32  # 0x1c71fc0
L   0x40469f          32  # 0x1c72050
L   0x4046b9          32  # 0x1c720b0
L   0x4046ac          32  # 0x1c72080
L   0x4046c6          32  # 0x1c72020
L   0x404a39          32  # 0x1c72110
L   0x40469f          32  # 0x1c72170
L   0x404a46          32  # 0x1c72140
L   0x4046b9          32  # 0x1c721d0
L   0x40469f          32  # 0x1c72230
L   0x4046c6          32  # 0x1c72200
L   0x4046ac          32  # 0x1c721a0
L   0x4046c6          32  # 0x1c720e0
L   0x4046c6          32  # 0x1c71f60
L   0x4046b9          32  # 0x1c72290
L   0x40469f          32  # 0x1c722f0
L   0x4046c6          32  # 0x1c722c0
L   0x4046b9          32  # 0x1c72350
L   0x404a39          32  # 0x1c723b0
L   0x4046c6          32  # 0x1c72380
L   0x4046ac          32  # 0x1c72320
L   0x40469f          32  # 0x1c72410
L   0x4046b9          32  # 0x1c72470
L   0x4046ac          32  # 0x1c72440
L   0x40469f          32  # 0x1c724d0
L   0x4046b9          32  # 0x1c72530
L   0x4046ac          32  # 0x1c72500
L   0x4046c6          32  # 0x1c724a0
L   0x404a46          32  # 0x1c723e0
L   0x40469f          32  # 0x1c72590
L   0x4046b9          32  # 0x1c725f0
L   0x4046ac          32  # 0x1c725c0
L   0x404a39          32  # 0x1c72650
L   0x40469f          32  # 0x1c726b0
L   0x404a46          32  # 0x1c72680
L   0x4046c6          32  # 0x1c72620
L   0x4046b9          32  # 0x1c72710
L   0x40469f          32  # 0x1c72770
L   0x4046c6          32  # 0x1c72740
L   0x4046b9          32  # 0x1c727d0
L   0x40469f          32  # 0x1c72830
L   0x4046c6          32  # 0x1c72800
L   0x4046ac          32  # 0x1c727a0
L   0x4046ac          32  # 0x1c726e0
L   0x4046c6          32  # 0x1c72560
L   0x4046ac          32  # 0x1c72260
L   0x4046b9          32  # 0x1c72890
L   0x404a39          32  # 0x1c728f0
L   0x4046c6          32  # 0x1c728c0
L   0x40469f          32  # 0x1c72950
L   0x4046b9          32  # 0x1c729b0
L   0x4046ac          32  # 0x1c72980
L   0x404a46          32  # 0x1c72920
L   0x40469f          32  # 0x1c72a10
L   0x4046b9          32  # 0x1c72a70
L   0x4046ac          32  # 0x1c72a40
L   0x40469f          32  # 0x1c72ad0
L   0x4046b9          32  # 0x1c72b30
L   0x4046ac          32  # 0x1c72b00
L   0x4046c6          32  # 0x1c72aa0
L   0x4046c6          32  # 0x1c729e0
L   0x404a39          32  # 0x1c72b90
L   0x40469f          32  # 0x1c72bf0
L   0x404a46          32  # 0x1c72bc0
L   0x4046b9          32  # 0x1c72c50
L   0x40469f          32  # 0x1c72cb0
L   0x4046c6          32  # 0x1c72c80
L   0x4046ac          32  # 0x1c72c20
L   0x4046b9          32  # 0x1c72d10
L   0x40469f          32  # 0x1c72d70
L   0x4046c6          32  # 0x1c72d40
L   0x4046b9          32  # 0x1c72dd0
L   0x404a39          32  # 0x1c72e30
L   0x4046c6          32  # 0x1c72e00
L   0x4046ac          32  # 0x1c72da0
L   0x4046ac          32  # 0x1c72ce0
L   0x4046c6          32  # 0x1c72b60
L   0x40469f          32  # 0x1c72e90
L   0x4046b9          32  # 0x1c72ef0
L   0x4046ac          32  # 0x1c72ec0
L   0x40469f          32  # 0x1c72f50
L   0x4046b9          32  # 0x1c72fb0
L   0x4046ac          32  # 0x1c72f80
L   0x4046c6          32  # 0x1c72f20
L   0x40469f          32  # 0x1c73010
L   0x4046b9          32  # 0x1c73070
L   0x4046ac          32  # 0x1c73040
L   0x404a39          32  # 0x1c730d0
L   0x40469f          32  # 0x1c73130
L   0x404a46          32  # 0x1c73100
L   0x4046c6          32  # 0x1c730a0
L   0x4046c6          32  # 0x1c72fe0
L   0x4046b9          32  # 0x1c73190
L   0x40469f          32  # 0x1c731f0
L   0x4046c6          32  # 0x1c731c0
L   0x4046b9          32  # 0x1c73250
L   0x40469f          32  # 0x1c732b0
L   0x4046c6          32  # 0x1c73280
L   0x4046ac          32  # 0x1c73220
L   0x4046b9          32  # 0x1c73310
L   0x404a39          32  # 0x1c73370
L   0x4046c6          32  # 0x1c73340
L   0x40469f          32  # 0x1c733d0
L   0x4046b9          32  # 0x1c73430
L   0x4046ac          32  # 0x1c73400
L   0x404a46          32  # 0x1c733a0
L   0x4046ac          32  # 0x1c732e0
L   0x4046ac          32  # 0x1c73160
L   0x404a46          32  # 0x1c72e60
L   0x4046ac          32  # 0x1c72860
L   0x4046ac          32  # 0x1c71c60
L   0x40469f          32  # 0x1c73490
L   0x4046b9          32  # 0x1c734f0
L   0x4046ac          32  # 0x1c734c0
L   0x40469f          32  # 0x1c73550
L   0x4046b9          32  # 0x1c735b0
L   0x4046ac          32  # 0x1c73580
L   0x4046c6          32  # 0x1c73520
L   0x404a39          32  # 0x1c73610
L   0x40469f          32  # 0x1c73670
L   0x404a46          32  # 0x1c73640
L   0x4046b9          32  # 0x1c736d0
L   0x40469f          32  # 0x1c73730
L   0x4046c6          32  # 0x1c73700
L   0x4046ac          32  # 0x1c736a0
L   0x4046c6          32  # 0x1c735e0
L   0x4046b9          32  # 0x1c73790
L   0x40469f          32  # 0x1c737f0
L   0x4046c6          32  # 0x1c737c0
L   0x4046b9          32  # 0x1c73850
L   0x404a39          32  # 0x1c738b0
L   0x4046c6          32  # 0x1c73880
L   0x4046ac          32  # 0x1c73820
L   0x40469f          32  # 0x1c73910
L   0x4046b9          32  # 0x1c73970
L   0x4046ac          32  # 0x1c73940
L   0x40469f          32  # 0x1c739d0
L   0x4046b9          32  # 0x1c73a30
L   0x4046ac          32  # 0x1c73a00
L   0x4046c6          32  # 0x1c739a0
L   0x404a46          32  # 0x1c738e0
L   0x4046ac          32  # 0x1c73760
L   0x40469f          32  # 0x1c73a90
L   0x4046b9          32  # 0x1c73af0
L   0x4046ac          32  # 0x1c73ac0
L   0x404a39          32  # 0x1c73b50
L   0x40469f          32  # 0x1c73bb0
L   0x404a46          32  # 0x1c73b80
L   0x4046c6          32  # 0x1c73b20
L   0x4046b9          32  # 0x1c73c10
L   0x40469f          32  # 0x1c73c70
L   0x4046c6          32  # 0x1c73c40
L   0x4046b9          32  # 0x1c73cd0
L   0x40469f          32  # 0x1c73d30
L   0x4046c6          32  # 0x1c73d00
L   0x4046ac          32  # 0x1c73ca0
L   0x4046ac          32  # 0x1c73be0
L   0x4046b9          32  # 0x1c73d90
L   0x404a39          32  # 0x1c73df0
L   0x4046c6          32  # 0x1c73dc0
L   0x40469f          32  # 0x1c73e50
L   0x4046b9          32  # 0x1c73eb0
L   0x4046ac          32  # 0x1c73e80
L   0x404a46          32  # 0x1c73e20
L   0x40469f          32  # 0x1c73f10
L   0x4046b9          32  # 0x1c73f70
L   0x4046ac          32  # 0x1c73f40
L   0x40469f          32  # 0x1c73fd0
L   0x4046b9          32  # 0x1c74030
L   0x4046ac          32  # 0x1c74000
L   0x4046c6          32  # 0x1c73fa0
L   0x4046c6          32  # 0x1c73ee0
L   0x4046ac          32  # 0x1c73d60
L   0x4046c6          32  # 0x1c73a60
L   0x404a39          32  # 0x1c74090
L   0x40469f          32  # 0x1c740f0
L   0x404a46          32  # 0x1c740c0
L   0x4046b9          32  # 0x1c74150
L   0x40469f          32  # 0x1c741b0
L   0x4046c6          32  # 0x1c74180
L   0x4046ac          32  # 0x1c74120
L   0x4046b9          32  # 0x1c74210
L   0x40469f          32  # 0x1c74270
L   0x4046c6          32  # 0x1c74240
L   0x4046b9          32  # 0x1c742d0
L   0x404a39          32  # 0x1c74330
L   0x4046c6          32  # 0x1c74300
L   0x4046ac          32  # 0x1c742a0
L   0x4046ac          32  # 0x1c741e0
L   0x40469f          32  # 0x1c74390
L   0x4046b9          32  # 0x1c743f0
L   0x4046ac          32  # 0x1c743c0
L   0x40469f          32  # 0x1c74450
L   0x4046b9          32  # 0x1c744b0
L   0x4046ac          32  # 0x1c74480
L   0x4046c6          32  # 0x1c74420
L   0x40469f          32  # 0x1c74510
L   0x4046b9          32  # 0x1c74570
L   0x4046ac          32  # 0x1c74540
L   0x404a39          32  # 0x1c745d0
L   0x40469f          32  # 0x1c74630
L   0x404a46          32  # 0x1c74600
L   0x4046c6          32  # 0x1c745a0
L   0x4046c6          32  # 0x1c744e0
L   0x404a46          32  # 0x1c74360
L   0x4046b9          32  # 0x1c74690
L   0x40469f          32  # 0x1c746f0
L   0x4046c6          32  # 0x1c746c0
L   0x4046b9          32  # 0x1c74750
L   0x40469f          32  # 0x1c747b0
L   0x4046c6          32  # 0x1c74780
L   0x4046ac          32  # 0x1c74720
L   0x4046b9          32  # 0x1c74810
L   0x404a39          32  # 0x1c74870
L   0x4046c6          32  # 0x1c74840
L   0x40469f          32  # 0x1c748d0
L   0x4046b9          32  # 0x1c74930
L   0x4046ac          32  # 0x1c74900
L   0x404a46          32  # 0x1c748a0
L   0x4046ac          32  # 0x1c747e0
L   0x40469f          32  # 0x1c74990
L   0x4046b9          32  # 0x1c749f0
L   0x4046ac          32  # 0x1c749c0
L   0x40469f          32  # 0x1c74a50
L   0x4046b9          32  # 0x1c74ab0
L   0x4046ac          32  # 0x1c74a80
L   0x4046c6          32  # 0x1c74a20
L   0x404a39          32  # 0x1c74b10
L   0x40469f          32  # 0x1c74b70
L   0x404a46          32  # 0x1c74b40
L   0x4046b9          32  # 0x1c74bd0
L   0x40469f          32  # 0x1c74c30
L   0x4046c6          32  # 0x1c74c00
L   0x4046ac          32  # 0x1c74ba0
L   0x4046c6          32  # 0x1c74ae0
L   0x4046c6          32  # 0x1c74960
L   0x4046ac          32  # 0x1c74660
L   0x4046c6          32  # 0x1c74060
L   0x4046b9          32  # 0x1c74c90
L   0x40469f          32  # 0x1c74cf0
L   0x4046c6          32  # 0x1c74cc0
L   0x4046b9          32  # 0x1c74d50
L   0x404a39          32  # 0x1c74db0
L   0x4046c6          32  # 0x1c74d80
L   0x4046ac          32  # 0x1c74d20
L   0x40469f          32  # 0x1c74e10
L   0x4046b9          32  # 0x1c74e70
L   0x4046ac          32  # 0x1c74e40
L   0x40469f          32  # 0x1c74ed0
L   0x4046b9          32  # 0x1c74f30
L   0x4046ac          32  # 0x1c74f00
L   0x4046c6          32  # 0x1c74ea0
L   0x404a46          32  # 0x1c74de0
L   0x40469f          32  # 0x1c74f90
L   0x4046b9          32  # 0x1c74ff0
L   0x4046ac          32  # 0x1c74fc0
L   0x404a39          32  # 0x1c75050
L   0x40469f          32  # 0x1c750b0
L   0x404a46          32  # 0x1c75080
L   0x4046c6          32  # 0x1c75020
L   0x4046b9          32  # 0x1c75110
L   0x40469f          32  # 0x1c75170
L   0x4046c6          32  # 0x1c75140
L   0x4046b9          32  # 0x1c751d0
L   0x40469f          32  # 0x1c75230
L   0x4046c6          32  # 0x1c75200
L   0x4046ac          32  # 0x1c751a0
L   0x4046ac          32  # 0x1c750e0
L   0x4046c6          32  # 0x1c74f60
L   0x4046b9          32  # 0x1c75290
L   0x404a39          32  # 0x1c752f0
L   0x4046c6          32  # 0x1c752c0
L   0x40469f          32  # 0x1c75350
L   0x4046b9          32  # 0x1c753b0
L   0x4046ac          32  # 0x1c75380
L   0x404a46          32  # 0x1c75320
L   0x40469f          32  # 0x1c75410
L   0x4046b9          32  # 0x1c75470
L   0x4046ac          32  # 0x1c75440
L   0x40469f          32  # 0x1c754d0
L   0x4046b9          32  # 0x1c75530
L   0x4046ac          32  # 0x1c75500
L   0x4046c6          32  # 0x1c754a0
L   0x4046c6          32  # 0x1c753e0
L   0x404a39          32  # 0x1c75590
L   0x40469f          32  # 0x1c755f0
L   0x404a46          32  # 0x1c755c0
L   0x4046b9          32  # 0x1c75650
L   0x40469f          32  # 0x1c756b0
L   0x4046c6          32  # 0x1c75680
L   0x4046ac          32  # 0x1c75620
L   0x4046b9          32  # 0x1c75710
L   0x40469f          32  # 0x1c75770
L   0x4046c6          32  # 0x1c75740
L   0x4046b9          32  # 0x1c757d0
L   0x404a39          32  # 0x1c75830
L   0x4046c6          32  # 0x1c75800
L   0x4046ac          32  # 0x1c757a0
L   0x4046ac          32  # 0x1c756e0
L   0x4046c6          32  # 0x1c75560
L   0x4046ac          32  # 0x1c75260
L   0x40469f          32  # 0x1c75890
L   0x4046b9          32  # 0x1c758f0
L   0x4046ac          32  # 0x1c758c0
L   0x40469f          32  # 0x1c75950
L   0x4046b9          32  # 0x1c759b0
L   0x4046ac          32  # 0x1c75980
L   0x4046c6          32  # 0x1c75920
L   0x40469f          32  # 0x1c75a10
L   0x4046b9          32  # 0x1c75a70
L   0x4046ac          32  # 0x1c75a40
L   0x404a39          32  # 0x1c75ad0
L   0x40469f          32  # 0x1c75b30
L   0x404a46          32  # 0x1c75b00
L   0x4046c6          32  # 0x1c75aa0
L   0x4046c6          32  # 0x1c759e0
L   0x4046b9          32  # 0x1c75b90
L   0x40469f          32  # 0x1c75bf0
L   0x4046c6          32  # 0x1c75bc0
L   0x4046b9          32  # 0x1c75c50
L   0x40469f          32  # 0x1c75cb0
L   0x4046c6          32  # 0x1c75c80
L   0x4046ac          32  # 0x1c75c20
L   0x4046b9          32  # 0x1c75d10
L   0x404a39          32  # 0x1c75d70
L   0x4046c6          32  # 0x1c75d40
L   0x40469f          32  # 0x1c75dd0
L   0x4046b9          32  # 0x1c75e30
L   0x4046ac          32  # 0x1c75e00
L   0x404a46          32  # 0x1c75da0
L   0x4046ac          32  # 0x1c75ce0
L   0x4046ac          32  # 0x1c75b60
L   0x40469f          32  # 0x1c75e90
L   0x4046b9          32  # 0x1c75ef0
L   0x4046ac          32  # 0x1c75ec0
L   0x40469f          32  # 0x1c75f50
L   0x4046b9          32  # 0x1c75fb0
L   0x4046ac          32  # 0x1c75f80
L   0x4046c6          32  # 0x1c75f20
L   0x404a39          32  # 0x1c76010
L   0x40469f          32  # 0x1c76070
L   0x404a46          32  # 0x1c76040
L   0x4046b9          32  # 0x1c760d0
L   0x40469f          32  # 0x1c76130
L   0x4046c6          32  # 0x1c76100
L   0x4046ac          32  # 0x1c760a0
L   0x4046c6          32  # 0x1c75fe0
L   0x4046b9          32  # 0x1c76190
L   0x40469f          32  # 0x1c761f0
L   0x4046c6          32  # 0x1c761c0
L   0x4046b9          32  # 0x1c76250
L   0x404a39          32  # 0x1c762b0
L   0x4046c6          32  # 0x1c76280
L   0x4046ac          32  # 0x1c76220
L   0x40469f          32  # 0x1c76310
L   0x4046b9          32  # 0x1c76370
L   0x4046ac          32  # 0x1c76340
L   0x40469f          32  # 0x1c763d0
L   0x4046b9          32  # 0x1c76430
L   0x4046ac          32  # 0x1c76400
L   0x4046c6          32  # 0x1c763a0
L   0x404a46          32  # 0x1c762e0
L   0x4046ac          32  # 0x1c76160
L   0x4046c6          32  # 0x1c75e60
L   0x404a46          32  # 0x1c75860
L   0x4046ac          32  # 0x1c74c60
L   0x4046c6          32  # 0x1c73460
L   0x40469f          32  # 0x1c76490
L   0x4046b9          32  # 0x1c764f0
L   0x4046ac          32  # 0x1c764c0
L   0x404a39          32  # 0x1c76550
L   0x40469f          32  # 0x1c765b0
L   0x404a46          32  # 0x1c76580
L   0x4046c6          32  # 0x1c76520
L   0x4046b9          32  # 0x1c76610
L   0x40469f          32  # 0x1c76670
L   0x4046c6          32  # 0x1c76640
L   0x4046b9          32  # 0x1c766d0
L   0x40469f          32  # 0x1c76730
L   0x4046c6          32  # 0x1c76700
L   0x4046ac          32  # 0x1c766a0
L   0x4046ac          32  # 0x1c765e0
L   0x4046b9          32  # 0x1c76790
L   0x404a39          32  # 0x1c767f0
L   0x4046c6          32  # 0x1c767c0
L   0x40469f          32  # 0x1c76850
L   0x4046b9          32  # 0x1c768b0
L   0x4046ac          32  # 0x1c76880
L   0x404a46          32  # 0x1c76820
L   0x40469f          32  # 0x1c76910
L   0x4046b9          32  # 0x1c76970
L   0x4046ac          32  # 0x1c76940
L   0x40469f          32  # 0x1c769d0
L   0x4046b9          32  # 0x1c76a30
L   0x4046ac          32  # 0x1c76a00
L   0x4046c6          32  # 0x1c769a0
L   0x4046c6          32  # 0x1c768e0
L   0x4046ac          32  # 0x1c76760
L   0x404a39          32  # 0x1c76a90
L   0x40469f          32  # 0x1c76af0
L   0x404a46          32  # 0x1c76ac0
L   0x4046b9          32  # 0x1c76b50
L   0x40469f          32  # 0x1c76bb0
L   0x4046c6          32  # 0x1c76b80
L   0x4046ac          32  # 0x1c76b20
L   0x4046b9          32  # 0x1c76c10
L   0x40469f          32  # 0x1c76c70
L   0x4046c6          32  # 0x1c76c40
L   0x4046b9          32  # 0x1c76cd0
L   0x404a39          32  # 0x1c76d30
L   0x4046c6          32  # 0x1c76d00
L   0x4046ac          32  # 0x1c76ca0
L   0x4046ac          32  # 0x1c76be0
L   0x40469f          32  # 0x1c76d90
L   0x4046b9          32  # 0x1c76df0
L   0x4046ac          32  # 0x1c76dc0
L   0x40469f          32  # 0x1c76e50
L   0x4046b9          32  # 0x1c76eb0
L   0x4046ac          32  # 0x1c76e80
L   0x4046c6          32  # 0x1c76e20
L   0x40469f          32  # 0x1c76f10
L   0x4046b9          32  # 0x1c76f70
L   0x4046ac          32  # 0x1c76f40
L   0x404a39          32  # 0x1c76fd0
L   0x40469f          32  # 0x1c77030
L   0x404a46          32  # 0x1c77000
L   0x4046c6          32  # 0x1c76fa0
L   0x4046c6          32  # 0x1c76ee0
L   0x404a46          32  # 0x1c76d60
L   0x4046c6          32  # 0x1c76a60
L   0x4046b9          32  # 0x1c77090
L   0x40469f          32  # 0x1c770f0
L   0x4046c6          32  # 0x1c770c0
L   0x4046b9          32  # 0x1c77150
L   0x40469f          32  # 0x1c771b0
L   0x4046c6          32  # 0x1c77180
L   0x4046ac          32  # 0x1c77120
L   0x4046b9          32  # 0x1c77210
L   0x404a39          32  # 0x1c77270
L   0x4046c6          32  # 0x1c77240
L   0x40469f          32  # 0x1c772d0
L   0x4046b9          32  # 0x1c77330
L   0x4046ac          32  # 0x1c77300
L   0x404a46          32  # 0x1c772a0
L   0x4046ac          32  # 0x1c771e0
L   0x40469f          32  # 0x1c77390
L   0x4046b9          32  # 0x1c773f0
L   0x4046ac          32  # 0x1c773c0
L   0x40469f          32  # 0x1c77450
L   0x4046b9          32  # 0x1c774b0
L   0x4046ac          32  # 0x1c77480
L   0x4046c6          32  # 0x1c77420
L   0x404a39          32  # 0x1c77510
L   0x40469f          32  # 0x1c77570
L   0x404a46          32  # 0x1c77540
L   0x4046b9          32  # 0x1c775d0
L   0x40469f          32  # 0x1c77630
L   0x4046c6          32  # 0x1c77600
L   0x4046ac          32  # 0x1c775a0
L   0x4046c6          32  # 0x1c774e0
L   0x4046c6          32  # 0x1c77360
L   0x4046b9          32  # 0x1c77690
L   0x40469f          32  # 0x1c776f0
L   0x4046c6          32  # 0x1c776c0
L   0x4046b9          32  # 0x1c77750
L   0x404a39          32  # 0x1c777b0
L   0x4046c6          32  # 0x1c77780
L   0x4046ac          32  # 0x1c77720
L   0x40469f          32  # 0x1c77810
L   0x4046b9          32  # 0x1c77870
L   0x4046ac          32  # 0x1c77840
L   0x40469f          32  # 0x1c778d0
L   0x4046b9          32  # 0x1c77930
L   0x4046ac          32  # 0x1c77900
L   0x4046c6          32  # 0x1c778a0
L   0x404a46          32  # 0x1c777e0
L   0x40469f          32  # 0x1c77990
L   0x4046b9          32  # 0x1c779f0
L   0x4046ac          32  # 0x1c779c0
L   0x404a39          32  # 0x1c77a50
L   0x40469f          32  # 0x1c77ab0
L   0x404a46          32  # 0x1c77a80
L   0x4046c6          32  # 0x1c77a20
L   0x4046b9          32  # 0x1c77b10
L   0x40469f          32  # 0x1c77b70
L   0x4046c6          32  # 0x1c77b40
L   0x4046b9          32  # 0x1c77bd0
L   0x40469f          32  # 0x1c77c30
L   0x4046c6          32  # 0x1c77c00
L   0x4046ac          32  # 0x1c77ba0
L   0x4046ac          32  # 0x1c77ae0
L   0x4046c6          32  # 0x1c77960
L   0x4046ac          32  # 0x1c77660
L   0x4046ac          32  # 0x1c77060
L   0x4046b9          32  # 0x1c77c90
L   0x404a39          32  # 0x1c77cf0
L   0x4046c6          32  # 0x1c77cc0
L   0x40469f          32  # 0x1c77d50
L   0x4046b9          32  # 0x1c77db0
L   0x4046ac          32  # 0x1c77d80
L   0x404a46          32  # 0x1c77d20
L   0x40469f          32  # 0x1c77e10
L   0x4046b9          32  # 0x1c77e70
L   0x4046ac          32  # 0x1c77e40
L   0x40469f          32  # 0x1c77ed0
L   0x4046b9          32  # 0x1c77f30
L   0x4046ac          32  # 0x1c77f00
L   0x4046c6          32  # 0x1c77ea0
L   0x4046c6          32  # 0x1c77de0
L   0x404a39          32  # 0x1c77f90
L   0x40469f          32  # 0x1c77ff0
L   0x404a46          32  # 0x1c77fc0
L   0x4046b9          32  # 0x1c78050
L   0x40469f          32  # 0x1c780b0
L   0x4046c6          32  # 0x1c78080
L   0x4046ac          32  # 0x1c78020
L   0x4046b9          32  # 0x1c78110
L   0x40469f          32  # 0x1c78170
L   0x4046c6          32  # 0x1c78140
L   0x4046b9          32  # 0x1c781d0
L   0x404a39          32  # 0x1c78230
L   0x4046c6          32  # 0x1c78200
L   0x4046ac          32  # 0x1c781a0
L   0x4046ac          32  # 0x1c780e0
L   0x4046c6          32  # 0x1c77f60
L   0x40469f          32  # 0x1c78290
L   0x4046b9          32  # 0x1c782f0
L   0x4046ac          32  # 0x1c782c0
L   0x40469f          32  # 0x1c78350
L   0x4046b9          32  # 0x1c783b0
L   0x4046ac          32  # 0x1c78380
L   0x4046c6          32  # 0x1c78320
L   0x40469f          32  # 0x1c78410
L   0x4046b9          32  # 0x1c78470
L   0x4046ac          32  # 0x1c78440
L   0x404a39          32  # 0x1c784d0
L   0x40469f          32  # 0x1c78530
L   0x404a46          32  # 0x1c78500
L   0x4046c6          32  # 0x1c784a0
L   0x4046c6          32  # 0x1c783e0
L   0x4046b9          32  # 0x1c78590
L   0x40469f          32  # 0x1c785f0
L   0x4046c6          32  # 0x1c785c0
L   0x4046b9          32  # 0x1c78650
L   0x40469f          32  # 0x1c786b0
L   0x4046c6          32  # 0x1c78680
L   0x4046ac          32  # 0x1c78620
L   0x4046b9          32  # 0x1c78710
L   0x404a39          32  # 0x1c78770
L   0x4046c6          32  # 0x1c78740
L   0x40469f          32  # 0x1c787d0
L   0x4046b9          32  # 0x1c78830
L   0x4046ac          32  # 0x1c78800
L   0x404a46          32  # 0x1c787a0
L   0x4046ac          32  # 0x1c786e0
L   0x4046ac          32  # 0x1c78560
L   0x404a46          32  # 0x1c78260
L   0x40469f          32  # 0x1c78890
L   0x4046b9          32  # 0x1c788f0
L   0x4046ac          32  # 0x1c788c0
L   0x40469f          32  # 0x1c78950
L   0x4046b9          32  # 0x1c789b0
L   0x4046ac          32  # 0x1c78980
L   0x4046c6          32  # 0x1c78920
L   0x404a39          32  # 0x1c78a10
L   0x40469f          32  # 0x1c78a70
L   0x404a46          32  # 0x1c78a40
L   0x4046b9          32  # 0x1c78ad0
L   0x40469f          32  # 0x1c78b30
L   0x4046c6          32  # 0x1c78b00
L   0x4046ac          32  # 0x1c78aa0
L   0x4046c6          32  # 0x1c789e0
L   0x4046b9          32  # 0x1c78b90
L   0x40469f          32  # 0x1c78bf0
L   0x4046c6          32  # 0x1c78bc0
L   0x4046b9          32  # 0x1c78c50
L   0x404a39          32  # 0x1c78cb0
L   0x4046c6          32  # 0x1c78c80
L   0x4046ac          32  # 0x1c78c20
L   0x40469f          32  # 0x1c78d10
L   0x4046b9          32  # 0x1c78d70
L   0x4046ac          32  # 0x1c78d40
L   0x40469f          32  # 0x1c78dd0
L   0x4046b9          32  # 0x1c78e30
L   0x4046ac          32  # 0x1c78e00
L   0x4046c6          32  # 0x1c78da0
L   0x404a46          32  # 0x1c78ce0
L   0x4046ac          32  # 0x1c78b60
L   0x40469f          32  # 0x1c78e90
L   0x4046b9          32  # 0x1c78ef0
L   0x4046ac          32  # 0x1c78ec0
L   0x404a39          32  # 0x1c78f50
L   0x40469f          32  # 0x1c78fb0
L   0x404a46          32  # 0x1c78f80
L   0x4046c6          32  # 0x1c78f20
L   0x4046b9          32  # 0x1c79010
L   0x40469f          32  # 0x1c79070
L   0x4046c6          32  # 0x1c79040
L   0x4046b9          32  # 0x1c790d0
L   0x40469f          32  # 0x1c79130
L   0x4046c6          32  # 0x1c79100
L   0x4046ac          32  # 0x1c790a0
L   0x4046ac          32  # 0x1c78fe0
L   0x4046b9          32  # 0x1c79190
L   0x404a39          32  # 0x1c791f0
L   0x4046c6          32  # 0x1c791c0
L   0x40469f          32  # 0x1c79250
L   0x4046b9          32  # 0x1c792b0
L   0x4046ac          32  # 0x1c79280
L   0x404a46          32  # 0x1c79220
L   0x40469f          32  # 0x1c79310
L   0x4046b9          32  # 0x1c79370
L   0x4046ac          32  # 0x1c79340
L   0x40469f          32  # 0x1c793d0
L   0x4046b9          32  # 0x1c79430
L   0x4046ac          32  # 0x1c79400
L   0x4046c6          32  # 0x1c793a0
L   0x4046c6          32  # 0x1c792e0
L   0x4046ac          32  # 0x1c79160
L   0x4046c6          32  # 0x1c78e60
L   0x4046c6          32  # 0x1c78860
L   0x4046ac          32  # 0x1c77c60
L   0x404a39          32  # 0x1c79490
L   0x40469f          32  # 0x1c794f0
L   0x404a46          32  # 0x1c794c0
L   0x4046b9          32  # 0x1c79550
L   0x40469f          32  # 0x1c795b0
L   0x4046c6          32  # 0x1c79580
L   0x4046ac          32  # 0x1c79520
L   0x4046b9          32  # 0x1c79610
L   0x40469f          32  # 0x1c79670
L   0x4046c6          32  # 0x1c79640
L   0x4046b9          32  # 0x1c796d0
L   0x404a39          32  # 0x1c79730
L   0x4046c6          32  # 0x1c79700
L   0x4046ac          32  # 0x1c796a0
L   0x4046ac          32  # 0x1c795e0
L   0x40469f          32  # 0x1c79790
L   0x4046b9          32  # 0x1c797f0
L   0x4046ac          32  # 0x1c797c0
L   0x40469f          32  # 0x1c79850
L   0x4046b9          32  # 0x1c798b0
L   0x4046ac          32  # 0x1c79880
L   0x4046c6          32  # 0x1c79820
L   0x40469f          32  # 0x1c79910
L   0x4046b9          32  # 0x1c79970
L   0x4046ac          32  # 0x1c79940
L   0x404a39          32  # 0x1c799d0
L   0x40469f          32  # 0x1c79a30
L   0x404a46          32  # 0x1c79a00
L   0x4046c6          32  # 0x1c799a0
L   0x4046c6          32  # 0x1c798e0
L   0x404a46          32  # 0x1c79760
L   0x4046b9          32  # 0x1c79a90
L   0x40469f          32  # 0x1c79af0
L   0x4046c6          32  # 0x1c79ac0
L   0x4046b9          32  # 0x1c79b50
L   0x40469f          32  # 0x1c79bb0
L   0x4046c6          32  # 0x1c79b80
L   0x4046ac          32  # 0x1c79b20
L   0x4046b9          32  # 0x1c79c10
L   0x404a39          32  # 0x1c79c70
L   0x4046c6          32  # 0x1c79c40
L   0x40469f          32  # 0x1c79cd0
L   0x4046b9          32  # 0x1c79d30
L   0x4046ac          32  # 0x1c79d00
L   0x404a46          32  # 0x1c79ca0
L   0x4046ac          32  # 0x1c79be0
L   0x40469f          32  # 0x1c79d90
L   0x4046b9          32  # 0x1c79df0
L   0x4046ac          32  # 0x1c79dc0
L   0x40469f          32  # 0x1c79e50
L   0x4046b9          32  # 0x1c79eb0
L   0x4046ac          32  # 0x1c79e80
L   0x4046c6          32  # 0x1c79e20
L   0x404a39          32  # 0x1c79f10
L   0x40469f          32  # 0x1c79f70
L   0x404a46          32  # 0x1c79f40
L   0x4046b9          32  # 0x1c79fd0
L   0x40469f          32  # 0x1c7a030
L   0x4046c6          32  # 0x1c7a000
L   0x4046ac          32  # 0x1c79fa0
L   0x4046c6          32  # 0x1c79ee0
L   0x4046c6          32  # 0x1c79d60
L   0x4046ac          32  # 0x1c79a60
L   0x4046b9          32  # 0x1c7a090
L   0x40469f          32  # 0x1c7a0f0
L   0x4046c6          32  # 0x1c7a0c0
L   0x4046b9          32  # 0x1c7a150
# Only first 1001 leaks reported
# total allocation requests: 38395936 ; max. mem used 1198923 kBytes
# leak 1227689552 Bytes	:-(
# .. that is 1198915 kByte!! A lot ..
WORK TIME - 00:00:31.20
